\BOOKMARK [1][-]{section.1}{\376\377\000I\000n\000t\000r\000o\000d\000u\000c\000t\000i\000o\000n}{}% 1
\BOOKMARK [2][-]{subsection.1.1}{\376\377\000M\000o\000t\000i\000v\000a\000t\000i\000o\000n}{section.1}% 2
\BOOKMARK [2][-]{subsection.1.2}{\376\377\000R\000e\000s\000e\000a\000r\000c\000h\000\040\000O\000b\000j\000e\000c\000t\000i\000v\000e\000s}{section.1}% 3
\BOOKMARK [2][-]{subsection.1.3}{\376\377\000C\000o\000n\000t\000r\000i\000b\000u\000t\000i\000o\000n\000s}{section.1}% 4
\BOOKMARK [2][-]{subsection.1.4}{\376\377\000T\000e\000c\000h\000n\000i\000c\000a\000l\000\040\000C\000h\000a\000l\000l\000e\000n\000g\000e\000s}{section.1}% 5
\BOOKMARK [2][-]{subsection.1.5}{\376\377\000M\000e\000t\000h\000o\000d\000o\000l\000o\000g\000y\000\040\000O\000v\000e\000r\000v\000i\000e\000w}{section.1}% 6
\BOOKMARK [2][-]{subsection.1.6}{\376\377\000E\000x\000p\000e\000c\000t\000e\000d\000\040\000I\000m\000p\000a\000c\000t}{section.1}% 7
\BOOKMARK [2][-]{subsection.1.7}{\376\377\000P\000r\000o\000j\000e\000c\000t\000\040\000E\000v\000o\000l\000u\000t\000i\000o\000n\000\040\000a\000n\000d\000\040\000D\000e\000v\000e\000l\000o\000p\000m\000e\000n\000t\000\040\000P\000r\000o\000c\000e\000s\000s}{section.1}% 8
\BOOKMARK [3][-]{subsubsection.1.7.1}{\376\377\000I\000n\000i\000t\000i\000a\000l\000\040\000P\000r\000o\000p\000o\000s\000a\000l\000\040\000a\000n\000d\000\040\000S\000c\000o\000p\000e}{subsection.1.7}% 9
\BOOKMARK [3][-]{subsubsection.1.7.2}{\376\377\000K\000e\000y\000\040\000C\000h\000a\000n\000g\000e\000s\000\040\000a\000n\000d\000\040\000E\000n\000h\000a\000n\000c\000e\000m\000e\000n\000t\000s}{subsection.1.7}% 10
\BOOKMARK [3][-]{subsubsection.1.7.3}{\376\377\000J\000u\000s\000t\000i\000f\000i\000c\000a\000t\000i\000o\000n\000\040\000f\000o\000r\000\040\000C\000h\000a\000n\000g\000e\000s}{subsection.1.7}% 11
\BOOKMARK [1][-]{section.2}{\376\377\000B\000a\000c\000k\000g\000r\000o\000u\000n\000d}{}% 12
\BOOKMARK [2][-]{subsection.2.1}{\376\377\000M\000a\000c\000h\000i\000n\000e\000\040\000L\000e\000a\000r\000n\000i\000n\000g\000\040\000i\000n\000\040\000T\000r\000a\000d\000i\000n\000g}{section.2}% 13
\BOOKMARK [3][-]{subsubsection.2.1.1}{\376\377\000N\000e\000u\000r\000a\000l\000\040\000N\000e\000t\000w\000o\000r\000k\000s}{subsection.2.1}% 14
\BOOKMARK [3][-]{subsubsection.2.1.2}{\376\377\000L\000S\000T\000M\000\040\000N\000e\000t\000w\000o\000r\000k\000s}{subsection.2.1}% 15
\BOOKMARK [3][-]{subsubsection.2.1.3}{\376\377\000E\000n\000s\000e\000m\000b\000l\000e\000\040\000M\000e\000t\000h\000o\000d\000s}{subsection.2.1}% 16
\BOOKMARK [2][-]{subsection.2.2}{\376\377\000R\000i\000s\000k\000\040\000M\000a\000n\000a\000g\000e\000m\000e\000n\000t\000\040\000i\000n\000\040\000A\000u\000t\000o\000m\000a\000t\000e\000d\000\040\000T\000r\000a\000d\000i\000n\000g}{section.2}% 17
\BOOKMARK [3][-]{subsubsection.2.2.1}{\376\377\000P\000o\000s\000i\000t\000i\000o\000n\000\040\000S\000i\000z\000i\000n\000g}{subsection.2.2}% 18
\BOOKMARK [3][-]{subsubsection.2.2.2}{\376\377\000S\000t\000o\000p\000-\000L\000o\000s\000s\000\040\000a\000n\000d\000\040\000T\000a\000k\000e\000-\000P\000r\000o\000f\000i\000t}{subsection.2.2}% 19
\BOOKMARK [3][-]{subsubsection.2.2.3}{\376\377\000P\000o\000r\000t\000f\000o\000l\000i\000o\000\040\000R\000i\000s\000k\000\040\000M\000o\000n\000i\000t\000o\000r\000i\000n\000g}{subsection.2.2}% 20
\BOOKMARK [2][-]{subsection.2.3}{\376\377\000M\000a\000r\000k\000e\000t\000\040\000M\000i\000c\000r\000o\000s\000t\000r\000u\000c\000t\000u\000r\000e}{section.2}% 21
\BOOKMARK [3][-]{subsubsection.2.3.1}{\376\377\000O\000r\000d\000e\000r\000\040\000B\000o\000o\000k\000\040\000A\000n\000a\000l\000y\000s\000i\000s}{subsection.2.3}% 22
\BOOKMARK [3][-]{subsubsection.2.3.2}{\376\377\000M\000a\000r\000k\000e\000t\000\040\000I\000m\000p\000a\000c\000t}{subsection.2.3}% 23
\BOOKMARK [2][-]{subsection.2.4}{\376\377\000T\000e\000c\000h\000n\000i\000c\000a\000l\000\040\000A\000n\000a\000l\000y\000s\000i\000s}{section.2}% 24
\BOOKMARK [3][-]{subsubsection.2.4.1}{\376\377\000P\000r\000i\000c\000e\000\040\000A\000c\000t\000i\000o\000n}{subsection.2.4}% 25
\BOOKMARK [3][-]{subsubsection.2.4.2}{\376\377\000T\000e\000c\000h\000n\000i\000c\000a\000l\000\040\000I\000n\000d\000i\000c\000a\000t\000o\000r\000s}{subsection.2.4}% 26
\BOOKMARK [2][-]{subsection.2.5}{\376\377\000D\000a\000t\000a\000\040\000A\000n\000a\000l\000y\000s\000i\000s}{section.2}% 27
\BOOKMARK [3][-]{subsubsection.2.5.1}{\376\377\000T\000i\000m\000e\000\040\000S\000e\000r\000i\000e\000s\000\040\000A\000n\000a\000l\000y\000s\000i\000s}{subsection.2.5}% 28
\BOOKMARK [3][-]{subsubsection.2.5.2}{\376\377\000F\000e\000a\000t\000u\000r\000e\000\040\000E\000n\000g\000i\000n\000e\000e\000r\000i\000n\000g}{subsection.2.5}% 29
\BOOKMARK [1][-]{section.3}{\376\377\000S\000y\000s\000t\000e\000m\000\040\000O\000v\000e\000r\000v\000i\000e\000w}{}% 30
\BOOKMARK [2][-]{subsection.3.1}{\376\377\000A\000r\000c\000h\000i\000t\000e\000c\000t\000u\000r\000e}{section.3}% 31
\BOOKMARK [3][-]{subsubsection.3.1.1}{\376\377\000M\000a\000r\000k\000e\000t\000\040\000D\000a\000t\000a\000\040\000M\000a\000n\000a\000g\000e\000m\000e\000n\000t}{subsection.3.1}% 32
\BOOKMARK [3][-]{subsubsection.3.1.2}{\376\377\000M\000a\000c\000h\000i\000n\000e\000\040\000L\000e\000a\000r\000n\000i\000n\000g\000\040\000M\000o\000d\000e\000l\000s}{subsection.3.1}% 33
\BOOKMARK [2][-]{subsection.3.2}{\376\377\000S\000i\000g\000n\000a\000l\000\040\000G\000e\000n\000e\000r\000a\000t\000i\000o\000n\000\040\000P\000r\000o\000c\000e\000s\000s}{section.3}% 34
\BOOKMARK [3][-]{subsubsection.3.2.1}{\376\377\000F\000e\000a\000t\000u\000r\000e\000\040\000E\000x\000t\000r\000a\000c\000t\000i\000o\000n}{subsection.3.2}% 35
\BOOKMARK [3][-]{subsubsection.3.2.2}{\376\377\000M\000L\000\040\000P\000r\000e\000d\000i\000c\000t\000i\000o\000n\000\040\000P\000i\000p\000e\000l\000i\000n\000e}{subsection.3.2}% 36
\BOOKMARK [3][-]{subsubsection.3.2.3}{\376\377\000T\000r\000a\000d\000i\000n\000g\000\040\000S\000i\000g\000n\000a\000l\000\040\000G\000e\000n\000e\000r\000a\000t\000i\000o\000n}{subsection.3.2}% 37
\BOOKMARK [2][-]{subsection.3.3}{\376\377\000T\000r\000a\000d\000i\000n\000g\000\040\000L\000o\000g\000i\000c}{section.3}% 38
\BOOKMARK [3][-]{subsubsection.3.3.1}{\376\377\000E\000n\000t\000r\000y\000/\000E\000x\000i\000t\000\040\000C\000o\000n\000d\000i\000t\000i\000o\000n\000s}{subsection.3.3}% 39
\BOOKMARK [3][-]{subsubsection.3.3.2}{\376\377\000P\000o\000s\000i\000t\000i\000o\000n\000\040\000S\000i\000z\000i\000n\000g}{subsection.3.3}% 40
\BOOKMARK [3][-]{subsubsection.3.3.3}{\376\377\000P\000o\000r\000t\000f\000o\000l\000i\000o\000\040\000R\000i\000s\000k\000\040\000M\000a\000n\000a\000g\000e\000m\000e\000n\000t}{subsection.3.3}% 41
\BOOKMARK [3][-]{subsubsection.3.3.4}{\376\377\000M\000a\000r\000k\000e\000t\000\040\000R\000e\000g\000i\000m\000e\000\040\000D\000e\000t\000e\000c\000t\000i\000o\000n}{subsection.3.3}% 42
\BOOKMARK [2][-]{subsection.3.4}{\376\377\000T\000e\000c\000h\000n\000i\000c\000a\000l\000\040\000A\000c\000h\000i\000e\000v\000e\000m\000e\000n\000t\000s}{section.3}% 43
\BOOKMARK [1][-]{section.4}{\376\377\000M\000a\000t\000h\000e\000m\000a\000t\000i\000c\000a\000l\000\040\000F\000o\000r\000m\000u\000l\000a\000t\000i\000o\000n\000s}{}% 44
\BOOKMARK [2][-]{subsection.4.1}{\376\377\000P\000r\000i\000c\000e\000\040\000P\000r\000e\000d\000i\000c\000t\000i\000o\000n\000\040\000M\000o\000d\000e\000l}{section.4}% 45
\BOOKMARK [2][-]{subsection.4.2}{\376\377\000T\000e\000c\000h\000n\000i\000c\000a\000l\000\040\000I\000n\000d\000i\000c\000a\000t\000o\000r\000s}{section.4}% 46
\BOOKMARK [2][-]{subsection.4.3}{\376\377\000P\000o\000s\000i\000t\000i\000o\000n\000\040\000S\000i\000z\000i\000n\000g\000\040\000A\000l\000g\000o\000r\000i\000t\000h\000m}{section.4}% 47
\BOOKMARK [2][-]{subsection.4.4}{\376\377\000R\000i\000s\000k\000\040\000M\000a\000n\000a\000g\000e\000m\000e\000n\000t\000\040\000M\000e\000t\000r\000i\000c\000s}{section.4}% 48
\BOOKMARK [1][-]{section.5}{\376\377\000I\000m\000p\000l\000e\000m\000e\000n\000t\000a\000t\000i\000o\000n\000\040\000D\000e\000t\000a\000i\000l\000s}{}% 49
\BOOKMARK [2][-]{subsection.5.1}{\376\377\000D\000a\000t\000a\000\040\000P\000r\000o\000c\000e\000s\000s\000i\000n\000g\000\040\000P\000i\000p\000e\000l\000i\000n\000e}{section.5}% 50
\BOOKMARK [2][-]{subsection.5.2}{\376\377\000T\000r\000a\000d\000i\000n\000g\000\040\000S\000t\000r\000a\000t\000e\000g\000y\000\040\000I\000m\000p\000l\000e\000m\000e\000n\000t\000a\000t\000i\000o\000n}{section.5}% 51
\BOOKMARK [2][-]{subsection.5.3}{\376\377\000R\000i\000s\000k\000\040\000M\000a\000n\000a\000g\000e\000m\000e\000n\000t\000\040\000S\000y\000s\000t\000e\000m}{section.5}% 52
\BOOKMARK [1][-]{section.6}{\376\377\000B\000a\000c\000k\000t\000e\000s\000t\000i\000n\000g\000\040\000M\000e\000t\000h\000o\000d\000o\000l\000o\000g\000y}{}% 53
\BOOKMARK [2][-]{subsection.6.1}{\376\377\000D\000a\000t\000a}{section.6}% 54
\BOOKMARK [2][-]{subsection.6.2}{\376\377\000T\000r\000a\000d\000i\000n\000g\000\040\000R\000u\000l\000e\000s}{section.6}% 55
\BOOKMARK [2][-]{subsection.6.3}{\376\377\000B\000a\000c\000k\000t\000e\000s\000t\000\040\000I\000m\000p\000l\000e\000m\000e\000n\000t\000a\000t\000i\000o\000n}{section.6}% 56
\BOOKMARK [2][-]{subsection.6.4}{\376\377\000P\000e\000r\000f\000o\000r\000m\000a\000n\000c\000e\000\040\000M\000e\000t\000r\000i\000c\000s}{section.6}% 57
\BOOKMARK [3][-]{subsubsection.6.4.1}{\376\377\000T\000r\000a\000d\000i\000n\000g\000\040\000P\000e\000r\000f\000o\000r\000m\000a\000n\000c\000e}{subsection.6.4}% 58
\BOOKMARK [3][-]{subsubsection.6.4.2}{\376\377\000R\000i\000s\000k\000\040\000M\000e\000t\000r\000i\000c\000s}{subsection.6.4}% 59
\BOOKMARK [3][-]{subsubsection.6.4.3}{\376\377\000T\000r\000a\000d\000e\000\040\000S\000t\000a\000t\000i\000s\000t\000i\000c\000s}{subsection.6.4}% 60
\BOOKMARK [1][-]{section.7}{\376\377\000R\000e\000s\000u\000l\000t\000s}{}% 61
\BOOKMARK [2][-]{subsection.7.1}{\376\377\000B\000a\000c\000k\000t\000e\000s\000t\000i\000n\000g\000\040\000P\000e\000r\000f\000o\000r\000m\000a\000n\000c\000e}{section.7}% 62
\BOOKMARK [3][-]{subsubsection.7.1.1}{\376\377\000O\000v\000e\000r\000a\000l\000l\000\040\000P\000e\000r\000f\000o\000r\000m\000a\000n\000c\000e\000\040\000M\000e\000t\000r\000i\000c\000s}{subsection.7.1}% 63
\BOOKMARK [3][-]{subsubsection.7.1.2}{\376\377\000R\000i\000s\000k\000\040\000M\000e\000t\000r\000i\000c\000s}{subsection.7.1}% 64
\BOOKMARK [3][-]{subsubsection.7.1.3}{\376\377\000T\000r\000a\000d\000e\000\040\000S\000t\000a\000t\000i\000s\000t\000i\000c\000s}{subsection.7.1}% 65
\BOOKMARK [2][-]{subsection.7.2}{\376\377\000S\000u\000m\000m\000a\000r\000y\000\040\000o\000f\000\040\000L\000a\000t\000e\000s\000t\000\040\000B\000a\000c\000k\000t\000e\000s\000t}{section.7}% 66
\BOOKMARK [2][-]{subsection.7.3}{\376\377\000P\000e\000r\000f\000o\000r\000m\000a\000n\000c\000e\000\040\000M\000e\000t\000r\000i\000c\000s}{section.7}% 67
\BOOKMARK [2][-]{subsection.7.4}{\376\377\000C\000r\000i\000t\000i\000c\000a\000l\000\040\000E\000v\000a\000l\000u\000a\000t\000i\000o\000n}{section.7}% 68
\BOOKMARK [2][-]{subsection.7.5}{\376\377\000M\000a\000r\000k\000e\000t\000\040\000R\000e\000g\000i\000m\000e\000\040\000A\000n\000a\000l\000y\000s\000i\000s}{section.7}% 69
\BOOKMARK [3][-]{subsubsection.7.5.1}{\376\377\000B\000u\000l\000l\000\040\000M\000a\000r\000k\000e\000t\000\040\000P\000e\000r\000f\000o\000r\000m\000a\000n\000c\000e}{subsection.7.5}% 70
\BOOKMARK [3][-]{subsubsection.7.5.2}{\376\377\000B\000e\000a\000r\000\040\000M\000a\000r\000k\000e\000t\000\040\000P\000e\000r\000f\000o\000r\000m\000a\000n\000c\000e}{subsection.7.5}% 71
\BOOKMARK [3][-]{subsubsection.7.5.3}{\376\377\000S\000i\000d\000e\000w\000a\000y\000s\000\040\000M\000a\000r\000k\000e\000t\000\040\000P\000e\000r\000f\000o\000r\000m\000a\000n\000c\000e}{subsection.7.5}% 72
\BOOKMARK [2][-]{subsection.7.6}{\376\377\000M\000o\000d\000e\000l\000\040\000P\000e\000r\000f\000o\000r\000m\000a\000n\000c\000e}{section.7}% 73
\BOOKMARK [3][-]{subsubsection.7.6.1}{\376\377\000P\000r\000e\000d\000i\000c\000t\000i\000o\000n\000\040\000A\000c\000c\000u\000r\000a\000c\000y}{subsection.7.6}% 74
\BOOKMARK [3][-]{subsubsection.7.6.2}{\376\377\000A\000d\000a\000p\000t\000i\000v\000e\000\040\000L\000e\000a\000r\000n\000i\000n\000g\000\040\000I\000m\000p\000a\000c\000t}{subsection.7.6}% 75
\BOOKMARK [3][-]{subsubsection.7.6.3}{\376\377\000F\000e\000a\000t\000u\000r\000e\000\040\000I\000m\000p\000o\000r\000t\000a\000n\000c\000e}{subsection.7.6}% 76
\BOOKMARK [1][-]{section.8}{\376\377\000D\000i\000s\000c\000u\000s\000s\000i\000o\000n}{}% 77
\BOOKMARK [2][-]{subsection.8.1}{\376\377\000P\000e\000r\000f\000o\000r\000m\000a\000n\000c\000e\000\040\000A\000n\000a\000l\000y\000s\000i\000s}{section.8}% 78
\BOOKMARK [2][-]{subsection.8.2}{\376\377\000C\000r\000i\000t\000i\000c\000a\000l\000\040\000E\000v\000a\000l\000u\000a\000t\000i\000o\000n\000\040\000a\000n\000d\000\040\000L\000i\000t\000e\000r\000a\000t\000u\000r\000e\000\040\000C\000o\000m\000p\000a\000r\000i\000s\000o\000n}{section.8}% 79
\BOOKMARK [3][-]{subsubsection.8.2.1}{\376\377\000C\000o\000m\000p\000a\000r\000i\000s\000o\000n\000\040\000w\000i\000t\000h\000\040\000A\000c\000a\000d\000e\000m\000i\000c\000\040\000L\000i\000t\000e\000r\000a\000t\000u\000r\000e}{subsection.8.2}% 80
\BOOKMARK [3][-]{subsubsection.8.2.2}{\376\377\000I\000n\000d\000u\000s\000t\000r\000y\000\040\000S\000t\000a\000n\000d\000a\000r\000d\000s\000\040\000C\000o\000m\000p\000a\000r\000i\000s\000o\000n}{subsection.8.2}% 81
\BOOKMARK [3][-]{subsubsection.8.2.3}{\376\377\000A\000d\000d\000r\000e\000s\000s\000i\000n\000g\000\040\000P\000r\000e\000v\000i\000o\000u\000s\000\040\000F\000e\000e\000d\000b\000a\000c\000k}{subsection.8.2}% 82
\BOOKMARK [3][-]{subsubsection.8.2.4}{\376\377\000R\000e\000t\000u\000r\000n\000\040\000A\000n\000a\000l\000y\000s\000i\000s}{subsection.8.2}% 83
\BOOKMARK [3][-]{subsubsection.8.2.5}{\376\377\000R\000i\000s\000k\000\040\000M\000a\000n\000a\000g\000e\000m\000e\000n\000t\000\040\000A\000n\000a\000l\000y\000s\000i\000s}{subsection.8.2}% 84
\BOOKMARK [2][-]{subsection.8.3}{\376\377\000M\000o\000d\000e\000l\000\040\000P\000e\000r\000f\000o\000r\000m\000a\000n\000c\000e\000\040\000A\000n\000a\000l\000y\000s\000i\000s}{section.8}% 85
\BOOKMARK [3][-]{subsubsection.8.3.1}{\376\377\000P\000r\000e\000d\000i\000c\000t\000i\000o\000n\000\040\000A\000c\000c\000u\000r\000a\000c\000y}{subsection.8.3}% 86
\BOOKMARK [3][-]{subsubsection.8.3.2}{\376\377\000A\000d\000a\000p\000t\000i\000v\000e\000\040\000L\000e\000a\000r\000n\000i\000n\000g\000\040\000I\000m\000p\000a\000c\000t}{subsection.8.3}% 87
\BOOKMARK [2][-]{subsection.8.4}{\376\377\000U\000s\000e\000r\000\040\000T\000e\000s\000t\000i\000n\000g\000\040\000a\000n\000d\000\040\000S\000t\000a\000k\000e\000h\000o\000l\000d\000e\000r\000\040\000F\000e\000e\000d\000b\000a\000c\000k}{section.8}% 88
\BOOKMARK [3][-]{subsubsection.8.4.1}{\376\377\000T\000e\000s\000t\000i\000n\000g\000\040\000M\000e\000t\000h\000o\000d\000o\000l\000o\000g\000y}{subsection.8.4}% 89
\BOOKMARK [3][-]{subsubsection.8.4.2}{\376\377\000U\000s\000e\000r\000\040\000T\000e\000s\000t\000i\000n\000g\000\040\000R\000e\000s\000u\000l\000t\000s}{subsection.8.4}% 90
\BOOKMARK [3][-]{subsubsection.8.4.3}{\376\377\000S\000t\000a\000k\000e\000h\000o\000l\000d\000e\000r\000\040\000F\000e\000e\000d\000b\000a\000c\000k\000\040\000I\000n\000t\000e\000g\000r\000a\000t\000i\000o\000n}{subsection.8.4}% 91
\BOOKMARK [2][-]{subsection.8.5}{\376\377\000T\000e\000c\000h\000n\000i\000c\000a\000l\000\040\000I\000m\000p\000l\000e\000m\000e\000n\000t\000a\000t\000i\000o\000n\000\040\000A\000n\000a\000l\000y\000s\000i\000s}{section.8}% 92
\BOOKMARK [3][-]{subsubsection.8.5.1}{\376\377\000S\000y\000s\000t\000e\000m\000\040\000A\000r\000c\000h\000i\000t\000e\000c\000t\000u\000r\000e}{subsection.8.5}% 93
\BOOKMARK [2][-]{subsection.8.6}{\376\377\000C\000h\000a\000l\000l\000e\000n\000g\000e\000s\000\040\000a\000n\000d\000\040\000S\000o\000l\000u\000t\000i\000o\000n\000s}{section.8}% 94
\BOOKMARK [3][-]{subsubsection.8.6.1}{\376\377\000T\000e\000c\000h\000n\000i\000c\000a\000l\000\040\000C\000h\000a\000l\000l\000e\000n\000g\000e\000s}{subsection.8.6}% 95
\BOOKMARK [2][-]{subsection.8.7}{\376\377\000F\000u\000t\000u\000r\000e\000\040\000I\000m\000p\000r\000o\000v\000e\000m\000e\000n\000t\000s}{section.8}% 96
\BOOKMARK [3][-]{subsubsection.8.7.1}{\376\377\000T\000e\000c\000h\000n\000i\000c\000a\000l\000\040\000E\000n\000h\000a\000n\000c\000e\000m\000e\000n\000t\000s}{subsection.8.7}% 97
\BOOKMARK [1][-]{section.9}{\376\377\000L\000i\000m\000i\000t\000a\000t\000i\000o\000n\000s\000\040\000a\000n\000d\000\040\000F\000u\000t\000u\000r\000e\000\040\000W\000o\000r\000k}{}% 98
\BOOKMARK [2][-]{subsection.9.1}{\376\377\000C\000u\000r\000r\000e\000n\000t\000\040\000L\000i\000m\000i\000t\000a\000t\000i\000o\000n\000s}{section.9}% 99
\BOOKMARK [3][-]{subsubsection.9.1.1}{\376\377\000D\000a\000t\000a\000\040\000D\000e\000p\000e\000n\000d\000e\000n\000c\000i\000e\000s}{subsection.9.1}% 100
\BOOKMARK [3][-]{subsubsection.9.1.2}{\376\377\000M\000o\000d\000e\000l\000\040\000C\000o\000n\000s\000t\000r\000a\000i\000n\000t\000s}{subsection.9.1}% 101
\BOOKMARK [3][-]{subsubsection.9.1.3}{\376\377\000R\000i\000s\000k\000\040\000M\000a\000n\000a\000g\000e\000m\000e\000n\000t\000\040\000L\000i\000m\000i\000t\000a\000t\000i\000o\000n\000s}{subsection.9.1}% 102
\BOOKMARK [2][-]{subsection.9.2}{\376\377\000F\000u\000t\000u\000r\000e\000\040\000I\000m\000p\000r\000o\000v\000e\000m\000e\000n\000t\000s}{section.9}% 103
\BOOKMARK [3][-]{subsubsection.9.2.1}{\376\377\000M\000o\000d\000e\000l\000\040\000E\000n\000h\000a\000n\000c\000e\000m\000e\000n\000t\000s}{subsection.9.2}% 104
\BOOKMARK [3][-]{subsubsection.9.2.2}{\376\377\000R\000i\000s\000k\000\040\000M\000a\000n\000a\000g\000e\000m\000e\000n\000t\000\040\000I\000m\000p\000r\000o\000v\000e\000m\000e\000n\000t\000s}{subsection.9.2}% 105
\BOOKMARK [1][-]{section.10}{\376\377\000C\000o\000n\000c\000l\000u\000s\000i\000o\000n}{}% 106
\BOOKMARK [2][-]{subsection.10.1}{\376\377\000K\000e\000y\000\040\000A\000c\000h\000i\000e\000v\000e\000m\000e\000n\000t\000s}{section.10}% 107
\BOOKMARK [3][-]{subsubsection.10.1.1}{\376\377\000T\000e\000c\000h\000n\000i\000c\000a\000l\000\040\000I\000m\000p\000l\000e\000m\000e\000n\000t\000a\000t\000i\000o\000n}{subsection.10.1}% 108
\BOOKMARK [3][-]{subsubsection.10.1.2}{\376\377\000P\000e\000r\000f\000o\000r\000m\000a\000n\000c\000e\000\040\000R\000e\000s\000u\000l\000t\000s}{subsection.10.1}% 109
\BOOKMARK [2][-]{subsection.10.2}{\376\377\000C\000o\000n\000t\000r\000i\000b\000u\000t\000i\000o\000n\000s}{section.10}% 110
\BOOKMARK [3][-]{subsubsection.10.2.1}{\376\377\000T\000e\000c\000h\000n\000i\000c\000a\000l\000\040\000C\000o\000n\000t\000r\000i\000b\000u\000t\000i\000o\000n\000s}{subsection.10.2}% 111
\BOOKMARK [3][-]{subsubsection.10.2.2}{\376\377\000S\000t\000r\000a\000t\000e\000g\000i\000c\000\040\000C\000o\000n\000t\000r\000i\000b\000u\000t\000i\000o\000n\000s}{subsection.10.2}% 112
\BOOKMARK [2][-]{subsection.10.3}{\376\377\000F\000i\000n\000a\000l\000\040\000T\000h\000o\000u\000g\000h\000t\000s}{section.10}% 113
\BOOKMARK [3][-]{subsubsection.10.3.1}{\376\377\000S\000u\000c\000c\000e\000s\000s\000\040\000F\000a\000c\000t\000o\000r\000s}{subsection.10.3}% 114
\BOOKMARK [3][-]{subsubsection.10.3.2}{\376\377\000L\000e\000s\000s\000o\000n\000s\000\040\000L\000e\000a\000r\000n\000e\000d}{subsection.10.3}% 115
\BOOKMARK [2][-]{subsection.10.4}{\376\377\000F\000u\000t\000u\000r\000e\000\040\000O\000u\000t\000l\000o\000o\000k}{section.10}% 116
\BOOKMARK [3][-]{subsubsection.10.4.1}{\376\377\000T\000e\000c\000h\000n\000i\000c\000a\000l\000\040\000E\000v\000o\000l\000u\000t\000i\000o\000n}{subsection.10.4}% 117
\BOOKMARK [3][-]{subsubsection.10.4.2}{\376\377\000S\000t\000r\000a\000t\000e\000g\000i\000c\000\040\000D\000e\000v\000e\000l\000o\000p\000m\000e\000n\000t}{subsection.10.4}% 118
\BOOKMARK [2][-]{subsection.10.5}{\376\377\000C\000l\000o\000s\000i\000n\000g\000\040\000R\000e\000m\000a\000r\000k\000s}{section.10}% 119
\BOOKMARK [1][-]{section*.5}{\376\377\000R\000e\000f\000e\000r\000e\000n\000c\000e\000s}{}% 120
